{"/Users/ccabre/Development/com/api/database.js":{"path":"/Users/ccabre/Development/com/api/database.js","s":{"1":1,"2":1,"3":1,"4":1,"5":1,"6":1,"7":1,"8":0,"9":0,"10":1,"11":1,"12":1},"b":{},"f":{"1":1,"2":1,"3":0,"4":1},"fnMap":{"1":{"name":"(anonymous_1)","line":8,"loc":{"start":{"line":8,"column":15},"end":{"line":8,"column":37}}},"2":{"name":"(anonymous_2)","line":12,"loc":{"start":{"line":12,"column":11},"end":{"line":12,"column":14}}},"3":{"name":"(anonymous_3)","line":17,"loc":{"start":{"line":17,"column":14},"end":{"line":17,"column":17}}},"4":{"name":"(anonymous_4)","line":22,"loc":{"start":{"line":22,"column":21},"end":{"line":22,"column":24}}}},"statementMap":{"1":{"start":{"line":1,"column":0},"end":{"line":1,"column":33}},"2":{"start":{"line":2,"column":0},"end":{"line":2,"column":37}},"3":{"start":{"line":4,"column":0},"end":{"line":4,"column":49}},"4":{"start":{"line":6,"column":0},"end":{"line":29,"column":1}},"5":{"start":{"line":9,"column":8},"end":{"line":9,"column":43}},"6":{"start":{"line":13,"column":8},"end":{"line":13,"column":80}},"7":{"start":{"line":14,"column":8},"end":{"line":14,"column":45}},"8":{"start":{"line":18,"column":8},"end":{"line":18,"column":85}},"9":{"start":{"line":19,"column":8},"end":{"line":19,"column":43}},"10":{"start":{"line":23,"column":8},"end":{"line":23,"column":113}},"11":{"start":{"line":24,"column":8},"end":{"line":24,"column":45}},"12":{"start":{"line":25,"column":8},"end":{"line":25,"column":43}}},"branchMap":{}},"/Users/ccabre/Development/com/api/app/controllers/index.js":{"path":"/Users/ccabre/Development/com/api/app/controllers/index.js","s":{"1":1,"2":2,"3":2,"4":2,"5":2,"6":2,"7":2,"8":2,"9":2,"10":2,"11":2,"12":2,"13":2},"b":{"1":[2,0],"2":[2,0],"3":[2,0],"4":[2,0],"5":[2,0]},"f":{"1":2,"2":2,"3":2,"4":2,"5":2,"6":2},"fnMap":{"1":{"name":"(anonymous_1)","line":3,"loc":{"start":{"line":3,"column":15},"end":{"line":3,"column":24}}},"2":{"name":"(anonymous_2)","line":8,"loc":{"start":{"line":8,"column":9},"end":{"line":8,"column":27}}},"3":{"name":"(anonymous_3)","line":15,"loc":{"start":{"line":15,"column":10},"end":{"line":15,"column":34}}},"4":{"name":"(anonymous_4)","line":23,"loc":{"start":{"line":23,"column":8},"end":{"line":23,"column":37}}},"5":{"name":"(anonymous_5)","line":30,"loc":{"start":{"line":30,"column":10},"end":{"line":30,"column":48}}},"6":{"name":"(anonymous_6)","line":39,"loc":{"start":{"line":39,"column":10},"end":{"line":39,"column":39}}}},"statementMap":{"1":{"start":{"line":1,"column":0},"end":{"line":44,"column":1}},"2":{"start":{"line":4,"column":8},"end":{"line":4,"column":28}},"3":{"start":{"line":9,"column":8},"end":{"line":11,"column":11}},"4":{"start":{"line":10,"column":12},"end":{"line":10,"column":36}},"5":{"start":{"line":16,"column":8},"end":{"line":16,"column":41}},"6":{"start":{"line":17,"column":8},"end":{"line":19,"column":11}},"7":{"start":{"line":18,"column":12},"end":{"line":18,"column":36}},"8":{"start":{"line":24,"column":8},"end":{"line":26,"column":11}},"9":{"start":{"line":25,"column":12},"end":{"line":25,"column":36}},"10":{"start":{"line":31,"column":8},"end":{"line":35,"column":10}},"11":{"start":{"line":34,"column":12},"end":{"line":34,"column":37}},"12":{"start":{"line":40,"column":8},"end":{"line":42,"column":10}},"13":{"start":{"line":41,"column":12},"end":{"line":41,"column":44}}},"branchMap":{"1":{"line":10,"type":"binary-expr","locations":[{"start":{"line":10,"column":23},"end":{"line":10,"column":26}},{"start":{"line":10,"column":30},"end":{"line":10,"column":34}}]},"2":{"line":18,"type":"binary-expr","locations":[{"start":{"line":18,"column":23},"end":{"line":18,"column":26}},{"start":{"line":18,"column":30},"end":{"line":18,"column":34}}]},"3":{"line":25,"type":"binary-expr","locations":[{"start":{"line":25,"column":23},"end":{"line":25,"column":26}},{"start":{"line":25,"column":30},"end":{"line":25,"column":34}}]},"4":{"line":34,"type":"binary-expr","locations":[{"start":{"line":34,"column":23},"end":{"line":34,"column":26}},{"start":{"line":34,"column":30},"end":{"line":34,"column":34}}]},"5":{"line":41,"type":"cond-expr","locations":[{"start":{"line":41,"column":29},"end":{"line":41,"column":33}},{"start":{"line":41,"column":36},"end":{"line":41,"column":41}}]}}},"/Users/ccabre/Development/com/api/app/controllers/users/index.js":{"path":"/Users/ccabre/Development/com/api/app/controllers/users/index.js","s":{"1":1,"2":1,"3":1,"4":1,"5":1,"6":1,"7":1,"8":1,"9":1,"10":1,"11":1,"12":1,"13":1,"14":1},"b":{"1":[1,1],"2":[1,1],"3":[1,1],"4":[1,1],"5":[1,1]},"f":{"1":1,"2":1,"3":1,"4":1,"5":1},"fnMap":{"1":{"name":"(anonymous_1)","line":8,"loc":{"start":{"line":8,"column":16},"end":{"line":8,"column":27}}},"2":{"name":"(anonymous_2)","line":13,"loc":{"start":{"line":13,"column":17},"end":{"line":13,"column":28}}},"3":{"name":"(anonymous_3)","line":18,"loc":{"start":{"line":18,"column":15},"end":{"line":18,"column":26}}},"4":{"name":"(anonymous_4)","line":25,"loc":{"start":{"line":25,"column":17},"end":{"line":25,"column":28}}},"5":{"name":"(anonymous_5)","line":32,"loc":{"start":{"line":32,"column":17},"end":{"line":32,"column":28}}}},"statementMap":{"1":{"start":{"line":1,"column":0},"end":{"line":1,"column":42}},"2":{"start":{"line":2,"column":0},"end":{"line":2,"column":38}},"3":{"start":{"line":3,"column":0},"end":{"line":3,"column":44}},"4":{"start":{"line":5,"column":0},"end":{"line":38,"column":1}},"5":{"start":{"line":9,"column":8},"end":{"line":9,"column":68}},"6":{"start":{"line":9,"column":46},"end":{"line":9,"column":66}},"7":{"start":{"line":14,"column":8},"end":{"line":14,"column":84}},"8":{"start":{"line":14,"column":62},"end":{"line":14,"column":82}},"9":{"start":{"line":19,"column":8},"end":{"line":21,"column":46}},"10":{"start":{"line":21,"column":25},"end":{"line":21,"column":45}},"11":{"start":{"line":26,"column":8},"end":{"line":28,"column":62}},"12":{"start":{"line":28,"column":40},"end":{"line":28,"column":60}},"13":{"start":{"line":33,"column":8},"end":{"line":35,"column":47}},"14":{"start":{"line":35,"column":25},"end":{"line":35,"column":45}}},"branchMap":{"1":{"line":9,"type":"binary-expr","locations":[{"start":{"line":9,"column":55},"end":{"line":9,"column":58}},{"start":{"line":9,"column":62},"end":{"line":9,"column":65}}]},"2":{"line":14,"type":"binary-expr","locations":[{"start":{"line":14,"column":71},"end":{"line":14,"column":74}},{"start":{"line":14,"column":78},"end":{"line":14,"column":81}}]},"3":{"line":21,"type":"binary-expr","locations":[{"start":{"line":21,"column":34},"end":{"line":21,"column":37}},{"start":{"line":21,"column":41},"end":{"line":21,"column":44}}]},"4":{"line":28,"type":"binary-expr","locations":[{"start":{"line":28,"column":49},"end":{"line":28,"column":52}},{"start":{"line":28,"column":56},"end":{"line":28,"column":59}}]},"5":{"line":35,"type":"binary-expr","locations":[{"start":{"line":35,"column":34},"end":{"line":35,"column":37}},{"start":{"line":35,"column":41},"end":{"line":35,"column":44}}]}}},"/Users/ccabre/Development/com/api/app/models/user/index.js":{"path":"/Users/ccabre/Development/com/api/app/models/user/index.js","s":{"1":1,"2":1,"3":1},"b":{},"f":{},"fnMap":{},"statementMap":{"1":{"start":{"line":1,"column":0},"end":{"line":1,"column":37}},"2":{"start":{"line":3,"column":0},"end":{"line":13,"column":3}},"3":{"start":{"line":15,"column":0},"end":{"line":15,"column":48}}},"branchMap":{}}}