TN:
SF:/Users/ccabre/Development/com/api/database.js
FN:8,(anonymous_1)
FN:12,(anonymous_2)
FN:17,(anonymous_3)
FN:22,(anonymous_4)
FNF:4
FNH:3
FNDA:1,(anonymous_1)
FNDA:1,(anonymous_2)
FNDA:0,(anonymous_3)
FNDA:1,(anonymous_4)
DA:1,1
DA:2,1
DA:4,1
DA:6,1
DA:9,1
DA:13,1
DA:14,1
DA:18,0
DA:19,0
DA:23,1
DA:24,1
DA:25,1
LF:12
LH:10
BRF:0
BRH:0
end_of_record
TN:
SF:/Users/ccabre/Development/com/api/app/controllers/index.js
FN:3,(anonymous_1)
FN:8,(anonymous_2)
FN:15,(anonymous_3)
FN:23,(anonymous_4)
FN:30,(anonymous_5)
FN:39,(anonymous_6)
FNF:6
FNH:6
FNDA:2,(anonymous_1)
FNDA:2,(anonymous_2)
FNDA:2,(anonymous_3)
FNDA:2,(anonymous_4)
FNDA:2,(anonymous_5)
FNDA:2,(anonymous_6)
DA:1,1
DA:4,2
DA:9,2
DA:10,2
DA:16,2
DA:17,2
DA:18,2
DA:24,2
DA:25,2
DA:31,2
DA:34,2
DA:40,2
DA:41,2
LF:13
LH:13
BRDA:10,1,0,2
BRDA:10,1,1,0
BRDA:18,2,0,2
BRDA:18,2,1,0
BRDA:25,3,0,2
BRDA:25,3,1,0
BRDA:34,4,0,2
BRDA:34,4,1,0
BRDA:41,5,0,2
BRDA:41,5,1,0
BRF:10
BRH:5
end_of_record
TN:
SF:/Users/ccabre/Development/com/api/app/controllers/users/index.js
FN:8,(anonymous_1)
FN:13,(anonymous_2)
FN:18,(anonymous_3)
FN:25,(anonymous_4)
FN:32,(anonymous_5)
FNF:5
FNH:5
FNDA:1,(anonymous_1)
FNDA:1,(anonymous_2)
FNDA:1,(anonymous_3)
FNDA:1,(anonymous_4)
FNDA:1,(anonymous_5)
DA:1,1
DA:2,1
DA:3,1
DA:5,1
DA:9,1
DA:14,1
DA:19,1
DA:21,1
DA:26,1
DA:28,1
DA:33,1
DA:35,1
LF:12
LH:12
BRDA:9,1,0,1
BRDA:9,1,1,1
BRDA:14,2,0,1
BRDA:14,2,1,1
BRDA:21,3,0,1
BRDA:21,3,1,1
BRDA:28,4,0,1
BRDA:28,4,1,1
BRDA:35,5,0,1
BRDA:35,5,1,1
BRF:10
BRH:10
end_of_record
TN:
SF:/Users/ccabre/Development/com/api/app/models/user/index.js
FNF:0
FNH:0
DA:1,1
DA:3,1
DA:15,1
LF:3
LH:3
BRF:0
BRH:0
end_of_record
